<?xml version="1.0" encoding="UTF-8"?>
<testsuite xmlns:xsi="http://www.w3.org/2001/XMLSchema-instance" xsi:noNamespaceSchemaLocation="https://maven.apache.org/surefire/maven-surefire-plugin/xsd/surefire-test-report.xsd" name="TestSuite" time="18.203" tests="3" errors="0" skipped="0" failures="1">
  <properties>
[...]
</properties>
  <testcase name="verifyErrorMessageWithInvalidCredentials" classname="com.nopcommerce.demo.testsuite.LoginPageTest" time="2.552">
    <failure message="login not display expected [Login was unsuccessful. Please correct the errors and try again.&#10;No customer account found] but found [Login was unsuccessful. Please correct the errors and try again.No customer account found]" type="java.lang.AssertionError">java.lang.AssertionError: 
login not display expected [Login was unsuccessful. Please correct the errors and try again.
No customer account found] but found [Login was unsuccessful. Please correct the errors and try again.No customer account found]
	at com.nopcommerce.demo.testsuite.LoginPageTest.verifyErrorMessageWithInvalidCredentials(LoginPageTest.java:35)
</failure>
    <system-err><![CDATA[SLF4J: Failed to load class "org.slf4j.impl.StaticLoggerBinder".
SLF4J: Defaulting to no-operation (NOP) logger implementation
SLF4J: See http://www.slf4j.org/codes.html#StaticLoggerBinder for further details.
Starting ChromeDriver 96.0.4664.45 (76e4c1bb2ab4671b8beba3444e61c0f17584b2fc-refs/branch-heads/4664@{#947}) on port 58037
Only local connections are allowed.
Please see https://chromedriver.chromium.org/security-considerations for suggestions on keeping ChromeDriver safe.
ChromeDriver was started successfully.
Nov 28, 2021 11:47:51 AM org.openqa.selenium.remote.ProtocolHandshake createSession
INFO: Detected dialect: W3C
Nov 28, 2021 11:47:52 AM org.openqa.selenium.devtools.CdpVersionFinder findNearestMatch
WARNING: Unable to find an exact match for CDP version 96, so returning the closest version found: 95
Nov 28, 2021 11:47:52 AM org.openqa.selenium.devtools.CdpVersionFinder findNearestMatch
INFO: Found CDP implementation for version 96 of 95
]]></system-err>
  </testcase>
  <testcase name="verifyUserShouldNavigateToLoginPageSuccessFully" classname="com.nopcommerce.demo.testsuite.LoginPageTest" time="1.168"/>
  <testcase name="shouldAnswerWithTrue on shouldAnswerWithTrue(com.nopcommerce.demo.AppTest)" classname="com.nopcommerce.demo.AppTest" time="0"/>
</testsuite>